[0.291s] Invoking command in '/home/fhs/ros2_ws/build/robot_controller': CMAKE_PREFIX_PATH=${CMAKE_PREFIX_PATH}:/home/fhs/ros2_ws/install/robot_tracker:/home/fhs/ros2_ws/install/robot_sensor:/home/fhs/ros2_ws/install/robot_controller:/home/fhs/ros2_ws/install/robot_bringup:/opt/ros/humble CONDA_PROMPT_MODIFIER=(base) /usr/bin/cmake --build /home/fhs/ros2_ws/build/robot_controller -- -j20 -l20
[0.556s] [35m[1mConsolidate compiler generated dependencies of target robot_controller_node[0m
[0.557s] [ 50%] [32m[1mLinking CXX executable robot_controller_node[0m
[0.558s] /usr/bin/ld: /usr/lib/gcc/x86_64-linux-gnu/11/../../../x86_64-linux-gnu/Scrt1.o: in function `_start':
[0.558s] (.text+0x1b): undefined reference to `main'
[0.559s] collect2: error: ld returned 1 exit status
[0.559s] gmake[2]: *** [CMakeFiles/robot_controller_node.dir/build.make:151ï¼šrobot_controller_node] é”™è¯¯ 1
[0.559s] gmake[1]: *** [CMakeFiles/Makefile2:137ï¼šCMakeFiles/robot_controller_node.dir/all] é”™è¯¯ 2
[0.559s] gmake: *** [Makefile:146ï¼šall] é”™è¯¯ 2
[0.823s] Invoked command in '/home/fhs/ros2_ws/build/robot_controller' returned '2': CMAKE_PREFIX_PATH=${CMAKE_PREFIX_PATH}:/home/fhs/ros2_ws/install/robot_tracker:/home/fhs/ros2_ws/install/robot_sensor:/home/fhs/ros2_ws/install/robot_controller:/home/fhs/ros2_ws/install/robot_bringup:/opt/ros/humble CONDA_PROMPT_MODIFIER=(base) /usr/bin/cmake --build /home/fhs/ros2_ws/build/robot_controller -- -j20 -l20
