[0.012s] Invoking command in '/home/fhs/ros2_ws/build/robot_controller': CMAKE_PREFIX_PATH=${CMAKE_PREFIX_PATH}:/home/fhs/ros2_ws/install/robot_tracker:/home/fhs/ros2_ws/install/robot_sensor:/home/fhs/ros2_ws/install/robot_controller:/home/fhs/ros2_ws/install/robot_bringup:/opt/ros/humble CONDA_PROMPT_MODIFIER=(base) /usr/bin/cmake --build /home/fhs/ros2_ws/build/robot_controller -- -j20 -l20
[0.044s] -- Found rclcpp: 16.0.15 (/opt/ros/humble/share/rclcpp/cmake)
[0.236s] -- Found rosidl_generator_c: 3.1.7 (/opt/ros/humble/share/rosidl_generator_c/cmake)
[0.239s] -- Found rosidl_adapter: 3.1.7 (/opt/ros/humble/share/rosidl_adapter/cmake)
[0.246s] -- Found rosidl_generator_cpp: 3.1.7 (/opt/ros/humble/share/rosidl_generator_cpp/cmake)
[0.257s] -- Using all available rosidl_typesupport_c: rosidl_typesupport_fastrtps_c;rosidl_typesupport_introspection_c
[0.271s] -- Using all available rosidl_typesupport_cpp: rosidl_typesupport_fastrtps_cpp;rosidl_typesupport_introspection_cpp
[0.307s] -- Found rmw_implementation_cmake: 6.1.2 (/opt/ros/humble/share/rmw_implementation_cmake/cmake)
[0.309s] -- Found rmw_fastrtps_cpp: 6.2.9 (/opt/ros/humble/share/rmw_fastrtps_cpp/cmake)
[0.424s] -- Using RMW implementation 'rmw_fastrtps_cpp' as default
[0.482s] -- Found robot_interfaces: 0.0.0 (/home/fhs/ros2_ws/install/robot_interfaces/share/robot_interfaces/cmake)
[0.576s] -- Found ament_lint_auto: 0.12.14 (/opt/ros/humble/share/ament_lint_auto/cmake)
[0.675s] -- Added test 'cppcheck' to perform static code analysis on C / C++ code
[0.675s] -- Configured cppcheck include dirs: $<BUILD_INTERFACE:/home/fhs/ros2_ws/src/robot_controller/include>
[0.675s] -- Configured cppcheck exclude dirs and/or files: 
[0.676s] -- Added test 'lint_cmake' to check CMake code style
[0.676s] -- Added test 'uncrustify' to check C / C++ code style
[0.676s] -- Configured uncrustify additional arguments: 
[0.677s] -- Added test 'xmllint' to check XML markup files
[0.677s] -- Configuring done
[0.686s] -- Generating done
[0.689s] -- Build files have been written to: /home/fhs/ros2_ws/build/robot_controller
[0.718s] [35m[1mConsolidate compiler generated dependencies of target robot_controller_node[0m
[0.734s] [ 50%] [32mBuilding CXX object CMakeFiles/robot_controller_node.dir/src/robot_controller_node.cpp.o[0m
[0.761s] [100%] [32m[1mLinking CXX executable robot_controller_node[0m
[0.858s] /usr/bin/ld: /usr/lib/gcc/x86_64-linux-gnu/11/../../../x86_64-linux-gnu/Scrt1.o: in function `_start':
[0.859s] (.text+0x1b): undefined reference to `main'
[0.860s] collect2: error: ld returned 1 exit status
[0.862s] gmake[2]: *** [CMakeFiles/robot_controller_node.dir/build.make:191ï¼šrobot_controller_node] é”™è¯¯ 1
[0.862s] gmake[1]: *** [CMakeFiles/Makefile2:137ï¼šCMakeFiles/robot_controller_node.dir/all] é”™è¯¯ 2
[0.863s] gmake: *** [Makefile:146ï¼šall] é”™è¯¯ 2
[0.865s] Invoked command in '/home/fhs/ros2_ws/build/robot_controller' returned '2': CMAKE_PREFIX_PATH=${CMAKE_PREFIX_PATH}:/home/fhs/ros2_ws/install/robot_tracker:/home/fhs/ros2_ws/install/robot_sensor:/home/fhs/ros2_ws/install/robot_controller:/home/fhs/ros2_ws/install/robot_bringup:/opt/ros/humble CONDA_PROMPT_MODIFIER=(base) /usr/bin/cmake --build /home/fhs/ros2_ws/build/robot_controller -- -j20 -l20
